2025-02-10 18:42:44.675 | INFO     | __main__:<module>:39 - Logging to file: logs\project_log.log
2025-02-10 18:42:44.676 | INFO     | __main__:main:61 - STARTING utils_logger.py
2025-02-10 18:42:44.676 | INFO     | __main__:log_example:52 - This is an example info message.
2025-02-10 18:42:44.676 | WARNING  | __main__:log_example:53 - This is an example warning message.
2025-02-10 18:42:44.676 | ERROR    | __main__:log_example:54 - This is an example error message.
2025-02-10 18:42:44.677 | INFO     | __main__:main:66 - View the log output at logs\project_log.log
2025-02-10 18:42:44.677 | INFO     | __main__:main:67 - EXITING utils_logger.py.
2025-02-10 18:55:17.162 | INFO     | __main__:<module>:39 - Logging to file: logs\project_log.log
2025-02-10 18:55:17.162 | INFO     | __main__:main:61 - STARTING utils_logger.py
2025-02-10 18:55:17.163 | INFO     | __main__:log_example:52 - This is an example info message.
2025-02-10 18:55:17.163 | WARNING  | __main__:log_example:53 - This is an example warning message.
2025-02-10 18:55:17.163 | ERROR    | __main__:log_example:54 - This is an example error message.
2025-02-10 18:55:17.163 | INFO     | __main__:main:66 - View the log output at logs\project_log.log
2025-02-10 18:55:17.164 | INFO     | __main__:main:67 - EXITING utils_logger.py.
2025-02-10 20:36:48.624 | INFO     | utils_logger:<module>:39 - Logging to file: logs\project_log.log
2025-02-10 20:36:48.625 | INFO     | __main__:main:38 - Starting database setup...
2025-02-10 20:36:48.626 | INFO     | __main__:main:52 - Connected to database: C:\Projects\datafun-05-sql\data\db.sqlite
2025-02-10 20:36:48.626 | ERROR    | __main__:execute_sql_file:32 - Failed to execute C:\Projects\datafun-05-sql\sql_create\01_drop_tables.sql: [Errno 2] No such file or directory: 'C:\\Projects\\datafun-05-sql\\sql_create\\01_drop_tables.sql'
2025-02-10 20:36:48.627 | ERROR    | __main__:main:62 - Error during database setup: [Errno 2] No such file or directory: 'C:\\Projects\\datafun-05-sql\\sql_create\\01_drop_tables.sql'
2025-02-10 20:36:48.629 | INFO     | __main__:main:65 - Database connection closed.
2025-02-10 20:37:40.379 | INFO     | __main__:<module>:39 - Logging to file: logs\project_log.log
2025-02-10 20:37:40.380 | INFO     | __main__:main:61 - STARTING utils_logger.py
2025-02-10 20:37:40.380 | INFO     | __main__:log_example:52 - This is an example info message.
2025-02-10 20:37:40.380 | WARNING  | __main__:log_example:53 - This is an example warning message.
2025-02-10 20:37:40.380 | ERROR    | __main__:log_example:54 - This is an example error message.
2025-02-10 20:37:40.380 | INFO     | __main__:main:66 - View the log output at logs\project_log.log
2025-02-10 20:37:40.381 | INFO     | __main__:main:67 - EXITING utils_logger.py.
2025-02-10 20:37:45.609 | INFO     | utils_logger:<module>:39 - Logging to file: logs\project_log.log
2025-02-10 20:37:45.609 | INFO     | __main__:main:38 - Starting database setup...
2025-02-10 20:37:45.610 | INFO     | __main__:main:52 - Connected to database: C:\Projects\datafun-05-sql\data\db.sqlite
2025-02-10 20:37:45.611 | ERROR    | __main__:execute_sql_file:32 - Failed to execute C:\Projects\datafun-05-sql\sql_create\01_drop_tables.sql: [Errno 2] No such file or directory: 'C:\\Projects\\datafun-05-sql\\sql_create\\01_drop_tables.sql'
2025-02-10 20:37:45.611 | ERROR    | __main__:main:62 - Error during database setup: [Errno 2] No such file or directory: 'C:\\Projects\\datafun-05-sql\\sql_create\\01_drop_tables.sql'
2025-02-10 20:37:45.611 | INFO     | __main__:main:65 - Database connection closed.
2025-02-10 20:53:46.730 | INFO     | utils_logger:<module>:39 - Logging to file: logs\project_log.log
2025-02-10 20:53:46.730 | INFO     | __main__:main:38 - Starting database setup...
2025-02-10 20:53:46.731 | INFO     | __main__:main:52 - Connected to database: C:\Projects\datafun-05-sql\data\db.sqlite
2025-02-10 20:53:46.731 | ERROR    | __main__:execute_sql_file:32 - Failed to execute C:\Projects\datafun-05-sql\sql_create\01_drop_tables.sql: [Errno 2] No such file or directory: 'C:\\Projects\\datafun-05-sql\\sql_create\\01_drop_tables.sql'
2025-02-10 20:53:46.732 | ERROR    | __main__:main:62 - Error during database setup: [Errno 2] No such file or directory: 'C:\\Projects\\datafun-05-sql\\sql_create\\01_drop_tables.sql'
2025-02-10 20:53:46.732 | INFO     | __main__:main:65 - Database connection closed.
2025-02-10 20:56:35.802 | INFO     | utils_logger:<module>:39 - Logging to file: logs\project_log.log
2025-02-10 20:56:35.803 | INFO     | __main__:main:38 - Starting database setup...
2025-02-10 20:56:35.804 | INFO     | __main__:main:52 - Connected to database: C:\Projects\datafun-05-sql\data\db.sqlite
2025-02-10 20:56:35.804 | ERROR    | __main__:execute_sql_file:32 - Failed to execute C:\Projects\datafun-05-sql\sql_create\01_drop_tables.sql: [Errno 2] No such file or directory: 'C:\\Projects\\datafun-05-sql\\sql_create\\01_drop_tables.sql'
2025-02-10 20:56:35.805 | ERROR    | __main__:main:62 - Error during database setup: [Errno 2] No such file or directory: 'C:\\Projects\\datafun-05-sql\\sql_create\\01_drop_tables.sql'
2025-02-10 20:56:35.805 | INFO     | __main__:main:65 - Database connection closed.
2025-02-10 21:01:05.499 | INFO     | utils_logger:<module>:39 - Logging to file: logs\project_log.log
2025-02-10 21:01:05.500 | INFO     | __main__:main:38 - Starting database setup...
2025-02-10 21:01:05.501 | INFO     | __main__:main:52 - Connected to database: C:\Projects\datafun-05-sql\data\db.sqlite
2025-02-10 21:01:05.502 | INFO     | __main__:execute_sql_file:30 - Executed: C:\Projects\datafun-05-sql\sql_create\01_drop_tables.sql
2025-02-10 21:01:05.511 | INFO     | __main__:execute_sql_file:30 - Executed: C:\Projects\datafun-05-sql\sql_create\02_create_tables.sql
2025-02-10 21:01:05.517 | INFO     | __main__:execute_sql_file:30 - Executed: C:\Projects\datafun-05-sql\sql_create\03_insert_records.sql
2025-02-10 21:01:05.518 | INFO     | __main__:main:60 - Database setup completed successfully.
2025-02-10 21:01:05.518 | INFO     | __main__:main:65 - Database connection closed.
